<?xml version="1.0" encoding="UTF-8"?>
<!-- Generated by org.testng.reporters.JUnitReportReporter -->
<testsuite hostname="LH900298" name="com.feng.lan.ecnu.WelcomeTest" tests="1" failures="0" timestamp="6 Jan 2017 03:32:53 GMT" time="0.012" errors="0">
  <testcase name="f" time="0.012" classname="com.feng.lan.ecnu.WelcomeTest"/>
</testsuite> <!-- com.feng.lan.ecnu.WelcomeTest -->
