<?xml version="1.0" encoding="UTF-8"?>
<!-- Generated by org.testng.reporters.JUnitReportReporter -->
<testsuite hostname="LH900298" name="com.feng.lan.ecnu.daoImpl.TestBookTypeDaoImpl" tests="1" failures="0" timestamp="9 Jan 2017 02:32:19 GMT" time="1.187" errors="0">
  <testcase name="testGetAllBookTypes" time="1.187" classname="com.feng.lan.ecnu.daoImpl.TestBookTypeDaoImpl"/>
</testsuite> <!-- com.feng.lan.ecnu.daoImpl.TestBookTypeDaoImpl -->
